[    0.000000] Linux version 4.15.0-153-generic (buildd@lgw01-amd64-004) (gcc version 7.5.0 (Ubuntu 7.5.0-3ubuntu1~18.04)) #160-Ubuntu SMP Thu Jul 29 06:54:29 UTC 2021 (Ubuntu 4.15.0-153.160-generic 4.15.18)
[    0.000000] Command line: BOOT_IMAGE=/boot/vmlinuz-4.15.0-153-generic root=LABEL=cloudimg-rootfs ro console=tty1 console=ttyS0
[    0.000000] KERNEL supported cpus:
[    0.000000]   Intel GenuineIntel
[    0.000000]   AMD AuthenticAMD
[    0.000000]   Centaur CentaurHauls
[    0.000000] x86/fpu: x87 FPU will use FXSAVE
[    0.000000] e820: BIOS-provided physical RAM map:
[    0.000000] BIOS-e820: [mem 0x0000000000000000-0x000000000009fbff] usable
[    0.000000] BIOS-e820: [mem 0x000000000009fc00-0x000000000009ffff] reserved
[    0.000000] BIOS-e820: [mem 0x00000000000f0000-0x00000000000fffff] reserved
[    0.000000] BIOS-e820: [mem 0x0000000000100000-0x000000003ffeffff] usable
[    0.000000] BIOS-e820: [mem 0x000000003fff0000-0x000000003fffffff] ACPI data
[    0.000000] BIOS-e820: [mem 0x00000000fec00000-0x00000000fec00fff] reserved
[    0.000000] BIOS-e820: [mem 0x00000000fee00000-0x00000000fee00fff] reserved
[    0.000000] BIOS-e820: [mem 0x00000000fffc0000-0x00000000ffffffff] reserved
[    0.000000] NX (Execute Disable) protection: active
[    0.000000] SMBIOS 2.5 present.
[    0.000000] DMI: innotek GmbH VirtualBox/VirtualBox, BIOS VirtualBox 12/01/2006
[    0.000000] Hypervisor detected: KVM
[    0.000000] e820: last_pfn = 0x3fff0 max_arch_pfn = 0x400000000
[    0.000000] MTRR: Disabled
[    0.000000] x86/PAT: MTRRs disabled, skipping PAT initialization too.
[    0.000000] CPU MTRRs all blank - virtualized system.
[    0.000000] x86/PAT: Configuration [0-7]: WB  WT  UC- UC  WB  WT  UC- UC  
[    0.000000] found SMP MP-table at [mem 0x0009fff0-0x0009ffff]
[    0.000000] Scanning 1 areas for low memory corruption
[    0.000000] RAMDISK: [mem 0x359d1000-0x36cdffff]
[    0.000000] ACPI: Early table checksum verification disabled
[    0.000000] ACPI: RSDP 0x00000000000E0000 000024 (v02 VBOX  )
[    0.000000] ACPI: XSDT 0x000000003FFF0030 00003C (v01 VBOX   VBOXXSDT 00000001 ASL  00000061)
[    0.000000] ACPI: FACP 0x000000003FFF00F0 0000F4 (v04 VBOX   VBOXFACP 00000001 ASL  00000061)
[    0.000000] ACPI: DSDT 0x000000003FFF0470 002325 (v02 VBOX   VBOXBIOS 00000002 INTL 20100528)
[    0.000000] ACPI: FACS 0x000000003FFF0200 000040
[    0.000000] ACPI: FACS 0x000000003FFF0200 000040
[    0.000000] ACPI: APIC 0x000000003FFF0240 00005C (v02 VBOX   VBOXAPIC 00000001 ASL  00000061)
[    0.000000] ACPI: SSDT 0x000000003FFF02A0 0001CC (v01 VBOX   VBOXCPUT 00000002 INTL 20100528)
[    0.000000] ACPI: Reserving FACP table memory at [mem 0x3fff00f0-0x3fff01e3]
[    0.000000] ACPI: Reserving DSDT table memory at [mem 0x3fff0470-0x3fff2794]
[    0.000000] ACPI: Reserving FACS table memory at [mem 0x3fff0200-0x3fff023f]
[    0.000000] ACPI: Reserving FACS table memory at [mem 0x3fff0200-0x3fff023f]
[    0.000000] ACPI: Reserving APIC table memory at [mem 0x3fff0240-0x3fff029b]
[    0.000000] ACPI: Reserving SSDT table memory at [mem 0x3fff02a0-0x3fff046b]
[    0.000000] No NUMA configuration found
[    0.000000] Faking a node at [mem 0x0000000000000000-0x000000003ffeffff]
[    0.000000] NODE_DATA(0) allocated [mem 0x3ffc5000-0x3ffeffff]
[    0.000000] kvm-clock: cpu 0, msr 0:3ff44001, primary cpu clock
[    0.000000] kvm-clock: Using msrs 4b564d01 and 4b564d00
[    0.000000] kvm-clock: using sched offset of 8379275844 cycles
[    0.000000] clocksource: kvm-clock: mask: 0xffffffffffffffff max_cycles: 0x1cd42e4dffb, max_idle_ns: 881590591483 ns
[    0.000000] Zone ranges:
[    0.000000]   DMA      [mem 0x0000000000001000-0x0000000000ffffff]
[    0.000000]   DMA32    [mem 0x0000000001000000-0x000000003ffeffff]
[    0.000000]   Normal   empty
[    0.000000]   Device   empty
[    0.000000] Movable zone start for each node
[    0.000000] Early memory node ranges
[    0.000000]   node   0: [mem 0x0000000000001000-0x000000000009efff]
[    0.000000]   node   0: [mem 0x0000000000100000-0x000000003ffeffff]
[    0.000000] Reserved but unavailable: 104 pages
[    0.000000] Initmem setup node 0 [mem 0x0000000000001000-0x000000003ffeffff]
[    0.000000] ACPI: PM-Timer IO Port: 0x4008
[    0.000000] IOAPIC[0]: apic_id 2, version 32, address 0xfec00000, GSI 0-23
[    0.000000] ACPI: INT_SRC_OVR (bus 0 bus_irq 0 global_irq 2 dfl dfl)
[    0.000000] ACPI: INT_SRC_OVR (bus 0 bus_irq 9 global_irq 9 low level)
[    0.000000] Using ACPI (MADT) for SMP configuration information
[    0.000000] smpboot: Allowing 2 CPUs, 0 hotplug CPUs
[    0.000000] PM: Registered nosave memory: [mem 0x00000000-0x00000fff]
[    0.000000] PM: Registered nosave memory: [mem 0x0009f000-0x0009ffff]
[    0.000000] PM: Registered nosave memory: [mem 0x000a0000-0x000effff]
[    0.000000] PM: Registered nosave memory: [mem 0x000f0000-0x000fffff]
[    0.000000] e820: [mem 0x40000000-0xfebfffff] available for PCI devices
[    0.000000] Booting paravirtualized kernel on KVM
[    0.000000] clocksource: refined-jiffies: mask: 0xffffffff max_cycles: 0xffffffff, max_idle_ns: 7645519600211568 ns
[    0.000000] random: get_random_bytes called from start_kernel+0x99/0x500 with crng_init=0
[    0.000000] setup_percpu: NR_CPUS:8192 nr_cpumask_bits:2 nr_cpu_ids:2 nr_node_ids:1
[    0.000000] percpu: Embedded 45 pages/cpu s147456 r8192 d28672 u1048576
[    0.000000] PV qspinlock hash table entries: 256 (order: 0, 4096 bytes)
[    0.000000] Built 1 zonelists, mobility grouping on.  Total pages: 257913
[    0.000000] Policy zone: DMA32
[    0.000000] Kernel command line: BOOT_IMAGE=/boot/vmlinuz-4.15.0-153-generic root=LABEL=cloudimg-rootfs ro console=tty1 console=ttyS0
[    0.000000] Memory: 982720K/1048120K available (12300K kernel code, 2483K rwdata, 4320K rodata, 2448K init, 2724K bss, 65400K reserved, 0K cma-reserved)
[    0.000000] SLUB: HWalign=64, Order=0-3, MinObjects=0, CPUs=2, Nodes=1
[    0.000000] Kernel/User page tables isolation: enabled
[    0.000000] ftrace: allocating 39460 entries in 155 pages
[    0.004000] Hierarchical RCU implementation.
[    0.004000] 	RCU restricting CPUs from NR_CPUS=8192 to nr_cpu_ids=2.
[    0.004000] 	Tasks RCU enabled.
[    0.004000] RCU: Adjusting geometry for rcu_fanout_leaf=16, nr_cpu_ids=2
[    0.004000] NR_IRQS: 524544, nr_irqs: 440, preallocated irqs: 16
[    0.004000] Console: colour VGA+ 80x25
[    0.004000] console [tty1] enabled
[    0.004000] console [ttyS0] enabled
[    0.004000] ACPI: Core revision 20170831
[    0.004000] ACPI: 2 ACPI AML tables successfully acquired and loaded
[    0.004000] APIC: Switch to symmetric I/O mode setup
[    0.008000] ..TIMER: vector=0x30 apic1=0 pin1=2 apic2=-1 pin2=-1
[    0.008011] tsc: Detected 1800.000 MHz processor
[    0.012026] Calibrating delay loop (skipped) preset value.. 3600.00 BogoMIPS (lpj=7200000)
[    0.016014] pid_max: default: 32768 minimum: 301
[    0.020185] Security Framework initialized
[    0.024007] Yama: becoming mindful.
[    0.028104] AppArmor: AppArmor initialized
[    0.045967] Dentry cache hash table entries: 131072 (order: 8, 1048576 bytes)
[    0.050984] Inode-cache hash table entries: 65536 (order: 7, 524288 bytes)
[    0.052109] Mount-cache hash table entries: 2048 (order: 2, 16384 bytes)
[    0.056084] Mountpoint-cache hash table entries: 2048 (order: 2, 16384 bytes)
[    0.066871] Last level iTLB entries: 4KB 64, 2MB 8, 4MB 8
[    0.068015] Last level dTLB entries: 4KB 64, 2MB 0, 4MB 0, 1GB 4
[    0.072016] Spectre V1 : Mitigation: usercopy/swapgs barriers and __user pointer sanitization
[    0.080012] Spectre V2 : Mitigation: Full generic retpoline
[    0.084011] Spectre V2 : Spectre v2 / SpectreRSB mitigation: Filling RSB on context switch
[    0.088015] Speculative Store Bypass: Vulnerable
[    0.092129] MDS: Mitigation: Clear CPU buffers
[    0.096381] Freeing SMP alternatives memory: 36K
[    0.212847] smpboot: CPU0: Intel(R) Core(TM) i5-8250U CPU @ 1.60GHz (family: 0x6, model: 0x8e, stepping: 0xa)
[    0.220979] Performance Events: unsupported p6 CPU model 142 no PMU driver, software events only.
[    0.224247] Hierarchical SRCU implementation.
[    0.229590] NMI watchdog: Perf event create on CPU 0 failed with -2
[    0.232009] NMI watchdog: Perf NMI watchdog permanently disabled
[    0.240257] smp: Bringing up secondary CPUs ...
[    0.246498] x86: Booting SMP configuration:
[    0.248015] .... node  #0, CPUs:      #1
[    0.004000] kvm-clock: cpu 1, msr 0:3ff44041, secondary cpu clock
[    0.274394] TSC synchronization [CPU#0 -> CPU#1]:
[    0.276000] Measured 88619 cycles TSC warp between CPUs, turning off TSC clock.
[    0.276000] tsc: Marking TSC unstable due to check_tsc_sync_source failed
[    0.284831] smp: Brought up 1 node, 2 CPUs
[    0.288018] smpboot: Max logical packages: 1
[    0.292005] smpboot: Total of 2 processors activated (7200.00 BogoMIPS)
[    0.305636] devtmpfs: initialized
[    0.324563] x86/mm: Memory block size: 128MB
[    0.340150] evm: security.selinux
[    0.348007] evm: security.SMACK64
[    0.364015] evm: security.SMACK64EXEC
[    0.384008] evm: security.SMACK64TRANSMUTE
[    0.396005] evm: security.SMACK64MMAP
[    0.404008] evm: security.apparmor
[    0.416007] evm: security.ima
[    0.424027] evm: security.capability
[    0.436958] clocksource: jiffies: mask: 0xffffffff max_cycles: 0xffffffff, max_idle_ns: 7645041785100000 ns
[    0.460036] futex hash table entries: 512 (order: 3, 32768 bytes)
[    0.464208] pinctrl core: initialized pinctrl subsystem
[    0.469794] RTC time:  5:47:44, date: 08/06/21
[    0.477593] NET: Registered protocol family 16
[    0.480386] audit: initializing netlink subsys (disabled)
[    0.488204] audit: type=2000 audit(1628228872.889:1): state=initialized audit_enabled=0 res=1
[    0.508022] cpuidle: using governor ladder
[    0.512021] cpuidle: using governor menu
[    0.516125] ACPI: bus type PCI registered
[    0.524014] acpiphp: ACPI Hot Plug PCI Controller Driver version: 0.5
[    0.533023] PCI: Using configuration type 1 for base access
[    0.548651] HugeTLB registered 2.00 MiB page size, pre-allocated 0 pages
[    0.565520] ACPI: Added _OSI(Module Device)
[    0.568012] ACPI: Added _OSI(Processor Device)
[    0.572018] ACPI: Added _OSI(3.0 _SCP Extensions)
[    0.576032] ACPI: Added _OSI(Processor Aggregator Device)
[    0.580013] ACPI: Added _OSI(Linux-Dell-Video)
[    0.584011] ACPI: Added _OSI(Linux-Lenovo-NV-HDMI-Audio)
[    0.588007] ACPI: Added _OSI(Linux-HPI-Hybrid-Graphics)
[    0.596293] ACPI: Executed 1 blocks of module-level executable AML code
[    0.617241] ACPI: Interpreter enabled
[    0.620045] ACPI: (supports S0 S5)
[    0.624014] ACPI: Using IOAPIC for interrupt routing
[    0.629485] PCI: Using host bridge windows from ACPI; if necessary, use "pci=nocrs" and report a bug
[    0.632358] ACPI: Enabled 2 GPEs in block 00 to 07
[    0.661773] ACPI: PCI Root Bridge [PCI0] (domain 0000 [bus 00-ff])
[    0.664036] acpi PNP0A03:00: _OSC: OS supports [ASPM ClockPM Segments MSI]
[    0.672165] acpi PNP0A03:00: _OSC: not requesting OS control; OS requires [ExtendedConfig ASPM ClockPM MSI]
[    0.676109] acpi PNP0A03:00: fail to add MMCONFIG information, can't access extended PCI configuration space under this bridge.
[    0.681059] PCI host bridge to bus 0000:00
[    0.684011] pci_bus 0000:00: root bus resource [io  0x0000-0x0cf7 window]
[    0.688009] pci_bus 0000:00: root bus resource [io  0x0d00-0xffff window]
[    0.692020] pci_bus 0000:00: root bus resource [mem 0x000a0000-0x000bffff window]
[    0.696018] pci_bus 0000:00: root bus resource [mem 0x40000000-0xfdffffff window]
[    0.700025] pci_bus 0000:00: root bus resource [bus 00-ff]
[    0.724134] pci 0000:00:01.1: legacy IDE quirk: reg 0x10: [io  0x01f0-0x01f7]
[    0.728015] pci 0000:00:01.1: legacy IDE quirk: reg 0x14: [io  0x03f6]
[    0.732015] pci 0000:00:01.1: legacy IDE quirk: reg 0x18: [io  0x0170-0x0177]
[    0.736039] pci 0000:00:01.1: legacy IDE quirk: reg 0x1c: [io  0x0376]
[    0.872655] pci 0000:00:07.0: quirk: [io  0x4000-0x403f] claimed by PIIX4 ACPI
[    0.904114] pci 0000:00:07.0: quirk: [io  0x4100-0x410f] claimed by PIIX4 SMB
[    0.977738] ACPI: PCI Interrupt Link [LNKA] (IRQs 5 9 10 *11)
[    1.008984] ACPI: PCI Interrupt Link [LNKB] (IRQs 5 9 *10 11)
[    1.036025] ACPI: PCI Interrupt Link [LNKC] (IRQs 5 *9 10 11)
[    1.052262] ACPI: PCI Interrupt Link [LNKD] (IRQs 5 9 10 *11)
[    1.084620] SCSI subsystem initialized
[    1.112622] pci 0000:00:02.0: vgaarb: setting as boot VGA device
[    1.116000] pci 0000:00:02.0: vgaarb: VGA device added: decodes=io+mem,owns=io+mem,locks=none
[    1.180023] pci 0000:00:02.0: vgaarb: bridge control possible
[    1.212013] vgaarb: loaded
[    1.228141] ACPI: bus type USB registered
[    1.252064] usbcore: registered new interface driver usbfs
[    1.276033] usbcore: registered new interface driver hub
[    1.292042] usbcore: registered new device driver usb
[    1.308233] EDAC MC: Ver: 3.0.0
[    1.328307] PCI: Using ACPI for IRQ routing
[    1.341509] NetLabel: Initializing
[    1.356004] NetLabel:  domain hash size = 128
[    1.368005] NetLabel:  protocols = UNLABELED CIPSOv4 CALIPSO
[    1.388087] NetLabel:  unlabeled traffic allowed by default
[    1.408314] clocksource: Switched to clocksource kvm-clock
[    1.575575] VFS: Disk quotas dquot_6.6.0
[    1.585782] VFS: Dquot-cache hash table entries: 512 (order 0, 4096 bytes)
[    1.597607] AppArmor: AppArmor Filesystem Enabled
[    1.606362] pnp: PnP ACPI init
[    1.613574] pnp: PnP ACPI: found 3 devices
[    1.633510] clocksource: acpi_pm: mask: 0xffffff max_cycles: 0xffffff, max_idle_ns: 2085701024 ns
[    1.646794] NET: Registered protocol family 2
[    1.653950] TCP established hash table entries: 8192 (order: 4, 65536 bytes)
[    1.663462] TCP bind hash table entries: 8192 (order: 5, 131072 bytes)
[    1.675947] TCP: Hash tables configured (established 8192 bind 8192)
[    1.693981] UDP hash table entries: 512 (order: 2, 16384 bytes)
[    1.706672] UDP-Lite hash table entries: 512 (order: 2, 16384 bytes)
[    1.717856] NET: Registered protocol family 1
[    1.725071] pci 0000:00:00.0: Limiting direct PCI/PCI transfers
[    1.734789] pci 0000:00:01.0: Activating ISA DMA hang workarounds
[    1.744799] pci 0000:00:02.0: Video device with shadowed ROM at [mem 0x000c0000-0x000dffff]
[    1.757344] Unpacking initramfs...
[    3.208112] Freeing initrd memory: 19516K
[    3.219698] clocksource: tsc: mask: 0xffffffffffffffff max_cycles: 0x19f2297dd97, max_idle_ns: 440795236593 ns
[    3.238434] platform rtc_cmos: registered platform RTC device (no PNP device found)
[    3.257913] Scanning for low memory corruption every 60 seconds
[    3.273820] Initialise system trusted keyrings
[    3.283958] Key type blacklist registered
[    3.295392] workingset: timestamp_bits=36 max_order=18 bucket_order=0
[    3.324438] zbud: loaded
[    3.335898] squashfs: version 4.0 (2009/01/31) Phillip Lougher
[    3.347289] fuse init (API version 7.26)
[    3.400562] Key type asymmetric registered
[    3.409019] Asymmetric key parser 'x509' registered
[    3.419236] Block layer SCSI generic (bsg) driver version 0.4 loaded (major 246)
[    3.435881] io scheduler noop registered
[    3.444979] io scheduler deadline registered
[    3.451223] io scheduler cfq registered (default)
[    3.458589] ACPI: AC Adapter [AC] (off-line)
[    3.464343] input: Power Button as /devices/LNXSYSTM:00/LNXPWRBN:00/input/input0
[    3.478363] ACPI: Power Button [PWRF]
[    3.484846] input: Sleep Button as /devices/LNXSYSTM:00/LNXSLPBN:00/input/input1
[    3.495856] ACPI: Sleep Button [SLPF]
[    3.506781] Serial: 8250/16550 driver, 32 ports, IRQ sharing enabled
[    3.512709] ACPI: Battery Slot [BAT0] (battery present)
[    3.581774] 00:02: ttyS0 at I/O 0x3f8 (irq = 4, base_baud = 115200) is a 16550A
[    3.606153] Linux agpgart interface v0.103
[    3.618335] loop: module loaded
[    3.630942] scsi host0: ata_piix
[    3.636866] scsi host1: ata_piix
[    3.641737] ata1: PATA max UDMA/33 cmd 0x1f0 ctl 0x3f6 bmdma 0xd000 irq 14
[    3.650074] ata2: PATA max UDMA/33 cmd 0x170 ctl 0x376 bmdma 0xd008 irq 15
[    3.659506] libphy: Fixed MDIO Bus: probed
[    3.667084] tun: Universal TUN/TAP device driver, 1.6
[    3.681596] PPP generic driver version 2.4.2
[    3.695207] ehci_hcd: USB 2.0 'Enhanced' Host Controller (EHCI) Driver
[    3.706566] ehci-pci: EHCI PCI platform driver
[    3.712917] ehci-platform: EHCI generic platform driver
[    3.720014] ohci_hcd: USB 1.1 'Open' Host Controller (OHCI) Driver
[    3.734048] ohci-pci: OHCI PCI platform driver
[    3.748008] ohci-platform: OHCI generic platform driver
[    3.764275] uhci_hcd: USB Universal Host Controller Interface driver
[    3.784829] i8042: PNP: PS/2 Controller [PNP0303:PS2K,PNP0f03:PS2M] at 0x60,0x64 irq 1,12
[    3.813327] serio: i8042 KBD port at 0x60,0x64 irq 1
[    3.828406] serio: i8042 AUX port at 0x60,0x64 irq 12
[    3.841477] mousedev: PS/2 mouse device common for all mice
[    3.855020] input: AT Translated Set 2 keyboard as /devices/platform/i8042/serio0/input/input2
[    3.874731] rtc_cmos rtc_cmos: rtc core: registered rtc_cmos as rtc0
[    3.888296] rtc_cmos rtc_cmos: alarms up to one day, 114 bytes nvram
[    3.901557] i2c /dev entries driver
[    3.916022] device-mapper: uevent: version 1.0.3
[    3.934604] device-mapper: ioctl: 4.37.0-ioctl (2017-09-20) initialised: dm-devel@redhat.com
[    3.957830] ledtrig-cpu: registered to indicate activity on CPUs
[    3.974886] NET: Registered protocol family 10
[    4.017168] Segment Routing with IPv6
[    4.029644] NET: Registered protocol family 17
[    4.041143] Key type dns_resolver registered
[    4.051949] mce: Using 0 MCE banks
[    4.060644] RAS: Correctable Errors collector initialized.
[    4.069809] sched_clock: Marking stable (4069727060, 0)->(6272043651, -2202316591)
[    4.095187] registered taskstats version 1
[    4.107234] Loading compiled-in X.509 certificates
[    4.128052] Loaded X.509 cert 'Build time autogenerated kernel key: 697c210032c6abbec5653106d7fd766083a73612'
[    4.145524] Loaded X.509 cert 'Canonical Ltd. Live Patch Signing: 14df34d1a87cf37625abec039ef2bf521249b969'
[    4.157535] Loaded X.509 cert 'Canonical Ltd. Kernel Module Signing: 88f752e560a1e0737e31163a466ad7b70a850c19'
[    4.173711] zswap: loaded using pool lzo/zbud
[    4.217431] Key type big_key registered
[    4.229063] Key type trusted registered
[    4.252857] Key type encrypted registered
[    4.265894] AppArmor: AppArmor sha1 policy hashing enabled
[    4.282774] ima: No TPM chip found, activating TPM-bypass! (rc=-19)
[    4.296040] ima: Allocated hash algorithm: sha1
[    4.305114] evm: HMAC attrs: 0x1
[    4.313645]   Magic number: 1:227:769
[    4.325584] mem kmsg: hash matches
[    4.336778] pci 0000:00:05.0: hash matches
[    4.347765] rtc_cmos rtc_cmos: setting system clock to 2021-08-06 05:47:48 UTC (1628228868)
[    4.371961] BIOS EDD facility v0.16 2004-Jun-25, 0 devices found
[    4.383852] EDD information not available.
[    4.406302] Freeing unused kernel image memory: 2448K
[    4.441006] Write protecting the kernel read-only data: 20480k
[    4.453583] Freeing unused kernel image memory: 2008K
[    4.463236] Freeing unused kernel image memory: 1824K
[    4.494119] x86/mm: Checked W+X mappings: passed, no W+X pages found.
[    4.516176] x86/mm: Checking user space page tables
[    4.535983] x86/mm: Checked W+X mappings: passed, no W+X pages found.
Loading, please wait...
starting version 237
[    4.916523] Fusion MPT base driver 3.04.20
[    4.933132] Copyright (c) 1999-2008 LSI Corporation
[    4.981737] e1000: Intel(R) PRO/1000 Network Driver - version 7.3.21-k8-NAPI
[    5.003122] e1000: Copyright (c) 1999-2006 Intel Corporation.
[    5.079151] Fusion MPT SPI Host driver 3.04.20
[    5.229360] input: ImExPS/2 Generic Explorer Mouse as /devices/platform/i8042/serio1/input/input4
[    6.483148] e1000 0000:00:03.0 eth0: (PCI:33MHz:32-bit) 02:9f:d3:59:7e:90
[    6.499958] e1000 0000:00:03.0 eth0: Intel(R) PRO/1000 Network Connection
[    6.523938] mptbase: ioc0: Initiating bringup
[    6.524130] e1000 0000:00:03.0 enp0s3: renamed from eth0
[    6.675087] ioc0: LSI53C1030 A0: Capabilities={Initiator}
[    7.155744] scsi host2: ioc0: LSI53C1030 A0, FwRev=00000000h, Ports=1, MaxQ=256, IRQ=20
[    7.874299] scsi 2:0:0:0: Direct-Access     VBOX     HARDDISK         1.0  PQ: 0 ANSI: 5
[    8.059001] scsi target2:0:0: Beginning Domain Validation
[    8.108514] scsi target2:0:0: Domain Validation skipping write tests
[    8.125663] scsi target2:0:0: Ending Domain Validation
[    8.140192] scsi target2:0:0: asynchronous
[    8.155200] random: fast init done
[    8.166794] scsi 2:0:1:0: Direct-Access     VBOX     HARDDISK         1.0  PQ: 0 ANSI: 5
[    8.524709] scsi target2:0:1: Beginning Domain Validation
[    8.562879] scsi target2:0:1: Domain Validation skipping write tests
[    8.577529] scsi target2:0:1: Ending Domain Validation
[    8.590276] scsi target2:0:1: asynchronous
[    8.636488] random: systemd-udevd: uninitialized urandom read (16 bytes read)
[    8.639273] sd 2:0:0:0: [sda] 83886080 512-byte logical blocks: (42.9 GB/40.0 GiB)
[    8.656115] random: systemd-udevd: uninitialized urandom read (16 bytes read)
[    8.672718] sd 2:0:0:0: Attached scsi generic sg0 type 0
[    8.690018] random: systemd-udevd: uninitialized urandom read (16 bytes read)
[    8.705717] sd 2:0:0:0: [sda] Write Protect is off
[    8.742079] sd 2:0:0:0: [sda] Incomplete mode parameter data
[    8.742327] sd 2:0:1:0: Attached scsi generic sg1 type 0
[    8.754827] sd 2:0:0:0: [sda] Assuming drive cache: write through
[    8.786902] sd 2:0:1:0: [sdb] 20480 512-byte logical blocks: (10.5 MB/10.0 MiB)
[    8.807134] sd 2:0:1:0: [sdb] Write Protect is off
[    8.816629]  sda: sda1
[    8.834207] sd 2:0:1:0: [sdb] Incomplete mode parameter data
[    8.849460] sd 2:0:1:0: [sdb] Assuming drive cache: write through
[    8.875824] sd 2:0:0:0: [sda] Attached SCSI disk
[    8.905188] sd 2:0:1:0: [sdb] Attached SCSI disk
Begin: Loading essential drivers ... 